13:52:37.254 [main] INFO  TestCases.be_cognizant_testcase - **News Around cognizant test cases started **
13:52:48.597 [main] INFO  TestCases.be_cognizant_testcase - User Information captured
13:52:48.985 [main] INFO  TestCases.be_cognizant_testcase - Around cognizant is validated
13:52:56.547 [main] INFO  TestCases.be_cognizant_testcase - Header and tooltip validated
13:53:00.147 [main] INFO  TestCases.be_cognizant_testcase - See all is clicked
13:54:13.716 [main] INFO  TestCases.be_cognizant_testcase - **News Around cognizant test cases started **
13:54:24.897 [main] INFO  TestCases.be_cognizant_testcase - User Information captured
13:54:25.243 [main] INFO  TestCases.be_cognizant_testcase - Around cognizant is validated
13:54:44.598 [main] INFO  TestCases.be_cognizant_testcase - Header and tooltip validated
13:54:48.333 [main] INFO  TestCases.be_cognizant_testcase - See all is clicked
13:55:13.997 [main] INFO  TestCases.be_cognizant_testcase - Be cognizant news is validated
13:56:25.221 [main] INFO  TestCases.be_cognizant_testcase - First 5 news header details are displayed
13:56:25.222 [main] INFO  TestCases.be_cognizant_testcase - ** News around cognizant test cases completed ** 
13:56:47.343 [main] INFO  TestCases.be_cognizant_testcase - **News Around cognizant test cases started **
13:56:59.812 [main] INFO  TestCases.be_cognizant_testcase - User Information captured
13:57:00.371 [main] INFO  TestCases.be_cognizant_testcase - Around cognizant is validated
13:57:20.931 [main] INFO  TestCases.be_cognizant_testcase - Header and tooltip validated
13:57:25.061 [main] INFO  TestCases.be_cognizant_testcase - See all is clicked
13:57:51.040 [main] INFO  TestCases.be_cognizant_testcase - Be cognizant news is validated
13:59:01.874 [main] INFO  TestCases.be_cognizant_testcase - First 5 news header details are displayed
13:59:01.874 [main] INFO  TestCases.be_cognizant_testcase - ** News around cognizant test cases completed ** 
